<?xml version="1.0" encoding="UTF-8"?>
<!-- Generated by org.testng.reporters.JUnitXMLReporter -->
<testsuite hostname="NGBLR-00735" ignored="0" name="Test1" tests="1" failures="0" timestamp="12 Jan 2019 17:26:10 GMT" time="3.793" errors="0">
  <testcase name="@BeforeMethod chooseDriver" time="3.778" classname="test.IBE_Enrollment">
    <failure type="org.openqa.selenium.WebDriverException" message="Reached error page: about:neterror?e=dnsNotFound&amp;amp;u=https%3A//phlvdqapport08.nextgen.com/enrollment/invitation%3Fibeid%3D3184084b-bb50-47e2-bdc9-edc5db1c22b8%7E6ac3288b-8ed3-4cb3-977b-a02a72c3d349&amp;amp;c=UTF-8&amp;amp;f=regular&amp;amp;d=We%20can%E2%80%99t%20connect%20to%20the%20server%20at%20phlvdqapport08.nextgen.com.
Build info: version: &amp;apos;3.4.0&amp;apos;, revision: &amp;apos;unknown&amp;apos;, time: &amp;apos;unknown&amp;apos;
System info: host: &amp;apos;NGBLR-00735&amp;apos;, ip: &amp;apos;192.168.0.6&amp;apos;, os.name: &amp;apos;Windows 7&amp;apos;, os.arch: &amp;apos;amd64&amp;apos;, os.version: &amp;apos;6.1&amp;apos;, java.version: &amp;apos;1.8.0_131&amp;apos;
Driver info: org.openqa.selenium.firefox.FirefoxDriver
Capabilities [{moz:profile=C:\Users\Sharathu\AppData\Local\Temp\rust_mozprofile.DlHjjAer329W, rotatable=false, moz:geckodriverVersion=0.23.0, timeouts={implicit=0.0, pageLoad=300000.0, script=30000.0}, pageLoadStrategy=normal, unhandledPromptBehavior=dismiss and notify, moz:headless=false, platform=ANY, moz:accessibilityChecks=false, moz:useNonSpecCompliantPointerOrigin=false, acceptInsecureCerts=false, browserVersion=64.0.2, moz:shutdownTimeout=60000.0, platformVersion=6.1, moz:processID=14540.0, browserName=firefox, javascriptEnabled=true, platformName=windows, setWindowRect=true, moz:webdriverClick=true}]
Session ID: 9fd6d5b4-7a77-4ecd-9530-bca53dbc8944">
      <![CDATA[org.openqa.selenium.WebDriverException: Reached error page: about:neterror?e=dnsNotFound&u=https%3A//phlvdqapport08.nextgen.com/enrollment/invitation%3Fibeid%3D3184084b-bb50-47e2-bdc9-edc5db1c22b8%7E6ac3288b-8ed3-4cb3-977b-a02a72c3d349&c=UTF-8&f=regular&d=We%20can%E2%80%99t%20connect%20to%20the%20server%20at%20phlvdqapport08.nextgen.com.
Build info: version: '3.4.0', revision: 'unknown', time: 'unknown'
System info: host: 'NGBLR-00735', ip: '192.168.0.6', os.name: 'Windows 7', os.arch: 'amd64', os.version: '6.1', java.version: '1.8.0_131'
Driver info: org.openqa.selenium.firefox.FirefoxDriver
Capabilities [{moz:profile=C:\Users\Sharathu\AppData\Local\Temp\rust_mozprofile.DlHjjAer329W, rotatable=false, moz:geckodriverVersion=0.23.0, timeouts={implicit=0.0, pageLoad=300000.0, script=30000.0}, pageLoadStrategy=normal, unhandledPromptBehavior=dismiss and notify, moz:headless=false, platform=ANY, moz:accessibilityChecks=false, moz:useNonSpecCompliantPointerOrigin=false, acceptInsecureCerts=false, browserVersion=64.0.2, moz:shutdownTimeout=60000.0, platformVersion=6.1, moz:processID=14540.0, browserName=firefox, javascriptEnabled=true, platformName=windows, setWindowRect=true, moz:webdriverClick=true}]
Session ID: 9fd6d5b4-7a77-4ecd-9530-bca53dbc8944
at org.openqa.selenium.remote.http.W3CHttpResponseCodec.createException(W3CHttpResponseCodec.java:150)
at org.openqa.selenium.remote.http.W3CHttpResponseCodec.decode(W3CHttpResponseCodec.java:115)
at org.openqa.selenium.remote.http.W3CHttpResponseCodec.decode(W3CHttpResponseCodec.java:45)
at org.openqa.selenium.remote.HttpCommandExecutor.execute(HttpCommandExecutor.java:164)
at org.openqa.selenium.remote.service.DriverCommandExecutor.execute(DriverCommandExecutor.java:82)
at org.openqa.selenium.remote.RemoteWebDriver.execute(RemoteWebDriver.java:637)
at org.openqa.selenium.remote.RemoteWebDriver.get(RemoteWebDriver.java:364)
at generic.BaseClass.BaseClassMethod(BaseClass.java:84)
at test.IBE_Enrollment.chooseDriver(IBE_Enrollment.java:65)
... Removed 32 stack frames]]>
    </failure>
  </testcase> <!-- @BeforeMethod chooseDriver -->
  <testcase name="@AfterMethod Logout" time="0.0" classname="test.IBE_Enrollment">
    <skipped/>
  </testcase> <!-- @AfterMethod Logout -->
  <testcase name="IbeEnr" time="0.0" classname="test.IBE_Enrollment">
    <skipped/>
  </testcase> <!-- IbeEnr -->
</testsuite> <!-- Test1 -->
