<?xml version="1.0" encoding="UTF-8"?>
<!-- Generated by org.testng.reporters.JUnitXMLReporter -->
<testsuite hostname="NGBLR-00735" ignored="0" name="Test" tests="1" failures="0" timestamp="28 Oct 2018 06:48:07 GMT" time="3.94" errors="0">
  <testcase name="@BeforeMethod chooseDriver" time="3.914" classname="test.TokenEnr_Main">
    <failure type="org.openqa.selenium.WebDriverException" message="newSession
Build info: version: &amp;apos;3.4.0&amp;apos;, revision: &amp;apos;unknown&amp;apos;, time: &amp;apos;unknown&amp;apos;
System info: host: &amp;apos;NGBLR-00735&amp;apos;, ip: &amp;apos;192.168.0.16&amp;apos;, os.name: &amp;apos;Windows 7&amp;apos;, os.arch: &amp;apos;amd64&amp;apos;, os.version: &amp;apos;6.1&amp;apos;, java.version: &amp;apos;1.8.0_131&amp;apos;
Driver info: driver.version: FirefoxDriver
remote stacktrace: stack backtrace:
   0:           0x4bd56f - &amp;lt;no info&amp;gt;
   1:           0x4bdcc9 - &amp;lt;no info&amp;gt;
   2:           0x43dc4d - &amp;lt;no info&amp;gt;
   3:           0x44db84 - &amp;lt;no info&amp;gt;
   4:           0x44a1ca - &amp;lt;no info&amp;gt;
   5:           0x4207bc - &amp;lt;no info&amp;gt;
   6:           0x405e47 - &amp;lt;no info&amp;gt;
   7:           0x6db3d9 - &amp;lt;no info&amp;gt;
   8:           0x417847 - &amp;lt;no info&amp;gt;
   9:           0x6d56d3 - &amp;lt;no info&amp;gt;
  10:         0x76c959cd - BaseThreadInitThunk">
      <![CDATA[org.openqa.selenium.WebDriverException: newSession
Build info: version: '3.4.0', revision: 'unknown', time: 'unknown'
System info: host: 'NGBLR-00735', ip: '192.168.0.16', os.name: 'Windows 7', os.arch: 'amd64', os.version: '6.1', java.version: '1.8.0_131'
Driver info: driver.version: FirefoxDriver
remote stacktrace: stack backtrace:
   0:           0x4bd56f - <no info>
   1:           0x4bdcc9 - <no info>
   2:           0x43dc4d - <no info>
   3:           0x44db84 - <no info>
   4:           0x44a1ca - <no info>
   5:           0x4207bc - <no info>
   6:           0x405e47 - <no info>
   7:           0x6db3d9 - <no info>
   8:           0x417847 - <no info>
   9:           0x6d56d3 - <no info>
  10:         0x76c959cd - BaseThreadInitThunk
at org.openqa.selenium.remote.W3CHandshakeResponse.lambda$new$0(W3CHandshakeResponse.java:57)
at org.openqa.selenium.remote.W3CHandshakeResponse.lambda$getResponseFunction$2(W3CHandshakeResponse.java:104)
at org.openqa.selenium.remote.ProtocolHandshake.lambda$createSession$22(ProtocolHandshake.java:365)
at java.util.stream.ReferencePipeline$3$1.accept(Unknown Source)
at java.util.Spliterators$ArraySpliterator.tryAdvance(Unknown Source)
at java.util.stream.ReferencePipeline.forEachWithCancel(Unknown Source)
at java.util.stream.AbstractPipeline.copyIntoWithCancel(Unknown Source)
at java.util.stream.AbstractPipeline.copyInto(Unknown Source)
at java.util.stream.AbstractPipeline.wrapAndCopyInto(Unknown Source)
at java.util.stream.FindOps$FindOp.evaluateSequential(Unknown Source)
at java.util.stream.AbstractPipeline.evaluate(Unknown Source)
at java.util.stream.ReferencePipeline.findFirst(Unknown Source)
at org.openqa.selenium.remote.ProtocolHandshake.createSession(ProtocolHandshake.java:368)
at org.openqa.selenium.remote.ProtocolHandshake.createSession(ProtocolHandshake.java:159)
at org.openqa.selenium.remote.HttpCommandExecutor.execute(HttpCommandExecutor.java:142)
at org.openqa.selenium.remote.service.DriverCommandExecutor.execute(DriverCommandExecutor.java:82)
at org.openqa.selenium.remote.RemoteWebDriver.execute(RemoteWebDriver.java:637)
at org.openqa.selenium.remote.RemoteWebDriver.startSession(RemoteWebDriver.java:250)
at org.openqa.selenium.remote.RemoteWebDriver.startSession(RemoteWebDriver.java:236)
at org.openqa.selenium.remote.RemoteWebDriver.<init>(RemoteWebDriver.java:137)
at org.openqa.selenium.firefox.FirefoxDriver.<init>(FirefoxDriver.java:191)
at org.openqa.selenium.firefox.FirefoxDriver.<init>(FirefoxDriver.java:108)
at org.openqa.selenium.firefox.FirefoxDriver.<init>(FirefoxDriver.java:104)
at generic.BaseClass.BaseClassMethod(BaseClass.java:23)
at test.TokenEnr_Main.chooseDriver(TokenEnr_Main.java:35)
... Removed 32 stack frames]]>
    </failure>
  </testcase> <!-- @BeforeMethod chooseDriver -->
  <testcase name="@AfterMethod Logout" time="0.0" classname="test.TokenEnr_Main">
    <skipped/>
  </testcase> <!-- @AfterMethod Logout -->
  <testcase name="tokenEnr" time="0.0" classname="test.TokenEnr_Main">
    <skipped/>
  </testcase> <!-- tokenEnr -->
</testsuite> <!-- Test -->
